<?xml version="1.0" encoding="UTF-8"?>
<!-- Generated by org.testng.reporters.JUnitXMLReporter -->
<testsuite hostname="DESKTOP-F7SHF1O" ignored="0" name="Test" tests="4" failures="3" timestamp="2022-06-29T17:43:20 IST" time="1.56" errors="0">
  <testcase name="addEmployeeFromPIM" time="0.008" classname="com.orange.scripts.TS1_PIMTests">
    <failure type="java.lang.NullPointerException">
      <![CDATA[java.lang.NullPointerException
at com.orange.scripts.TS1_PIMTests.addEmployeeFromPIM(TS1_PIMTests.java:20)
at java.util.ArrayList.forEach(ArrayList.java:1259)
... Removed 27 stack frames]]>
    </failure>
  </testcase> <!-- addEmployeeFromPIM -->
  <testcase name="tc1_giveAdminRights" time="0.0" classname="com.orange.scripts.TS2_AdminTests">
    <failure type="java.lang.NullPointerException">
      <![CDATA[java.lang.NullPointerException
at com.orange.scripts.TS2_AdminTests.tc1_giveAdminRights(TS2_AdminTests.java:21)
at java.util.ArrayList.forEach(ArrayList.java:1259)
... Removed 27 stack frames]]>
    </failure>
  </testcase> <!-- tc1_giveAdminRights -->
  <testcase name="tc1_giveAdminRights" time="0.001" classname="com.orange.scripts.TS2_AdminTests">
    <skipped/>
  </testcase> <!-- tc1_giveAdminRights -->
  <testcase name="tc2_DeleteEmployeeFromAdmin" time="0.001" classname="com.orange.scripts.TS2_AdminTests">
    <failure type="java.lang.NullPointerException">
      <![CDATA[java.lang.NullPointerException
at com.orange.scripts.TS2_AdminTests.tc2_DeleteEmployeeFromAdmin(TS2_AdminTests.java:33)
at java.util.ArrayList.forEach(ArrayList.java:1259)
... Removed 27 stack frames]]>
    </failure>
  </testcase> <!-- tc2_DeleteEmployeeFromAdmin -->
</testsuite> <!-- Test -->
