<?xml version="1.0" encoding="UTF-8"?>
<!-- Generated by org.testng.reporters.JUnitXMLReporter -->
<testsuite hostname="DESKTOP-F7SHF1O" ignored="0" name="Test" tests="4" failures="0" timestamp="2022-06-29T17:50:29 IST" time="67.744" errors="0">
  <testcase name="addEmployeeFromPIM" time="20.836" classname="com.orange.scripts.TS1_PIMTests"/>
  <testcase name="tc1_giveAdminRights" time="8.873" classname="com.orange.scripts.TS2_AdminTests"/>
  <testcase name="tc1_giveAdminRights" time="0.0" classname="com.orange.scripts.TS2_AdminTests">
    <skipped/>
  </testcase> <!-- tc1_giveAdminRights -->
  <testcase name="tc2_DeleteEmployeeFromAdmin" time="7.805" classname="com.orange.scripts.TS2_AdminTests"/>
</testsuite> <!-- Test -->
