<?xml version="1.0" encoding="UTF-8"?>
<testsuite name="TestSuite" time="37.518" tests="4" errors="0" skipped="1" failures="0">
  <properties>
[...]
</properties>
  <testcase name="addEmployeeFromPIM" classname="com.orange.scripts.TS1_PIMTests" time="20.84"/>
  <testcase name="tc1_giveAdminRights" classname="com.orange.scripts.TS2_AdminTests" time="8.873"/>
  <testcase name="tc1_giveAdminRights" classname="com.orange.scripts.TS2_AdminTests" time="0">
    <skipped/>
    <system-err><![CDATA[Starting ChromeDriver 103.0.5060.53 (a1711811edd74ff1cf2150f36ffa3b0dae40b17f-refs/branch-heads/5060@{#853}) on port 52041
Only local connections are allowed.
Please see https://chromedriver.chromium.org/security-considerations for suggestions on keeping ChromeDriver safe.
ChromeDriver was started successfully.
Jun 29, 2022 5:50:09 PM org.openqa.selenium.remote.ProtocolHandshake createSession
INFO: Detected dialect: W3C
Jun 29, 2022 5:50:09 PM org.openqa.selenium.devtools.CdpVersionFinder findNearestMatch
WARNING: Unable to find an exact match for CDP version 103, so returning the closest version found: 101
Jun 29, 2022 5:50:09 PM org.openqa.selenium.devtools.CdpVersionFinder findNearestMatch
INFO: Found CDP implementation for version 103 of 101
]]></system-err>
  </testcase>
  <testcase name="tc2_DeleteEmployeeFromAdmin" classname="com.orange.scripts.TS2_AdminTests" time="7.805"/>
</testsuite>