<?xml version="1.0" encoding="UTF-8"?>
<testng-results skipped="1" failed="0" ignored="0" total="4" passed="3">
  <reporter-output>
  </reporter-output>
  <suite name="Suite" duration-ms="67744" started-at="2022-06-29T17:49:21 IST" finished-at="2022-06-29T17:50:29 IST">
    <groups>
    </groups>
    <test name="Test" duration-ms="67744" started-at="2022-06-29T17:49:21 IST" finished-at="2022-06-29T17:50:29 IST">
      <class name="com.orange.scripts.TS1_PIMTests">
        <test-method status="PASS" signature="openApp()[pri:0, instance:com.orange.scripts.TS1_PIMTests@7d907bac]" name="openApp" is-config="true" duration-ms="9254" started-at="2022-06-29T17:49:22 IST" finished-at="2022-06-29T17:49:31 IST">
          <reporter-output>
          </reporter-output>
        </test-method> <!-- openApp -->
        <test-method status="PASS" signature="addEmployeeFromPIM(java.util.HashMap)[pri:1, instance:com.orange.scripts.TS1_PIMTests@7d907bac]" name="addEmployeeFromPIM" duration-ms="20836" started-at="2022-06-29T17:49:31 IST" data-provider="getAddEmployeefromPIMData" finished-at="2022-06-29T17:49:52 IST">
          <params>
            <param index="0">
              <value>
                <![CDATA[{LastName=Nayak, FirstName=Bheemla3, TestFlag=Yes}]]>
              </value>
            </param>
          </params>
          <reporter-output>
          </reporter-output>
        </test-method> <!-- addEmployeeFromPIM -->
      </class> <!-- com.orange.scripts.TS1_PIMTests -->
      <class name="com.orange.scripts.TS2_AdminTests">
        <test-method status="PASS" signature="openApp()[pri:0, instance:com.orange.scripts.TS2_AdminTests@72b6cbcc]" name="openApp" is-config="true" duration-ms="6792" started-at="2022-06-29T17:49:52 IST" finished-at="2022-06-29T17:49:59 IST">
          <reporter-output>
          </reporter-output>
        </test-method> <!-- openApp -->
        <test-method status="PASS" signature="tc1_giveAdminRights(java.util.HashMap)[pri:1, instance:com.orange.scripts.TS2_AdminTests@72b6cbcc]" name="tc1_giveAdminRights" duration-ms="8873" started-at="2022-06-29T17:49:59 IST" data-provider="getgiveAdminRightsData" finished-at="2022-06-29T17:50:08 IST">
          <params>
            <param index="0">
              <value>
                <![CDATA[{EmpoyeeName=Bheemla3 Nayak, UserName=Bheemla, TestFlag=Yes, Password=Htcgloberservices@1}]]>
              </value>
            </param>
          </params>
          <reporter-output>
          </reporter-output>
        </test-method> <!-- tc1_giveAdminRights -->
        <test-method status="PASS" signature="openApp()[pri:0, instance:com.orange.scripts.TS2_AdminTests@72b6cbcc]" name="openApp" is-config="true" duration-ms="6540" started-at="2022-06-29T17:50:08 IST" finished-at="2022-06-29T17:50:14 IST">
          <reporter-output>
          </reporter-output>
        </test-method> <!-- openApp -->
        <test-method status="SKIP" signature="tc1_giveAdminRights(java.util.HashMap)[pri:1, instance:com.orange.scripts.TS2_AdminTests@72b6cbcc]" name="tc1_giveAdminRights" duration-ms="0" started-at="2022-06-29T17:50:14 IST" data-provider="getgiveAdminRightsData" finished-at="2022-06-29T17:50:14 IST">
          <params>
            <param index="0">
              <value>
                <![CDATA[{EmpoyeeName=Tom Ramsay, UserName=Tom Ram, TestFlag=No, Password=Htcgloberservices@1}]]>
              </value>
            </param>
          </params>
          <exception class="org.testng.SkipException">
            <message>
              <![CDATA[skipping the execution becuaser test flag as no]]>
            </message>
            <full-stacktrace>
              <![CDATA[org.testng.SkipException: skipping the execution becuaser test flag as no
at com.orange.scripts.TS2_AdminTests.tc1_giveAdminRights(TS2_AdminTests.java:19)
at sun.reflect.NativeMethodAccessorImpl.invoke0(Native Method)
at sun.reflect.NativeMethodAccessorImpl.invoke(NativeMethodAccessorImpl.java:62)
at sun.reflect.DelegatingMethodAccessorImpl.invoke(DelegatingMethodAccessorImpl.java:43)
at java.lang.reflect.Method.invoke(Method.java:498)
at org.testng.internal.MethodInvocationHelper.invokeMethod(MethodInvocationHelper.java:133)
at org.testng.internal.TestInvoker.invokeMethod(TestInvoker.java:598)
at org.testng.internal.TestInvoker.invokeTestMethod(TestInvoker.java:173)
at org.testng.internal.MethodRunner.runInSequence(MethodRunner.java:46)
at org.testng.internal.TestInvoker$MethodInvocationAgent.invoke(TestInvoker.java:824)
at org.testng.internal.TestInvoker.invokeTestMethods(TestInvoker.java:146)
at org.testng.internal.TestMethodWorker.invokeTestMethods(TestMethodWorker.java:146)
at org.testng.internal.TestMethodWorker.run(TestMethodWorker.java:128)
at java.util.ArrayList.forEach(ArrayList.java:1259)
at org.testng.TestRunner.privateRun(TestRunner.java:794)
at org.testng.TestRunner.run(TestRunner.java:596)
at org.testng.SuiteRunner.runTest(SuiteRunner.java:377)
at org.testng.SuiteRunner.runSequentially(SuiteRunner.java:371)
at org.testng.SuiteRunner.privateRun(SuiteRunner.java:332)
at org.testng.SuiteRunner.run(SuiteRunner.java:276)
at org.testng.SuiteRunnerWorker.runSuite(SuiteRunnerWorker.java:53)
at org.testng.SuiteRunnerWorker.run(SuiteRunnerWorker.java:96)
at org.testng.TestNG.runSuitesSequentially(TestNG.java:1212)
at org.testng.TestNG.runSuitesLocally(TestNG.java:1134)
at org.testng.TestNG.runSuites(TestNG.java:1063)
at org.testng.TestNG.run(TestNG.java:1031)
at org.apache.maven.surefire.testng.TestNGExecutor.run(TestNGExecutor.java:295)
at org.apache.maven.surefire.testng.TestNGXmlTestSuite.execute(TestNGXmlTestSuite.java:84)
at org.apache.maven.surefire.testng.TestNGProvider.invoke(TestNGProvider.java:90)
at org.apache.maven.surefire.booter.ForkedBooter.invokeProviderInSameClassLoader(ForkedBooter.java:203)
at org.apache.maven.surefire.booter.ForkedBooter.runSuitesInProcess(ForkedBooter.java:155)
at org.apache.maven.surefire.booter.ForkedBooter.main(ForkedBooter.java:103)
]]>
            </full-stacktrace>
          </exception> <!-- org.testng.SkipException -->
          <reporter-output>
          </reporter-output>
        </test-method> <!-- tc1_giveAdminRights -->
        <test-method status="PASS" signature="openApp()[pri:0, instance:com.orange.scripts.TS2_AdminTests@72b6cbcc]" name="openApp" is-config="true" duration-ms="6148" started-at="2022-06-29T17:50:15 IST" finished-at="2022-06-29T17:50:21 IST">
          <reporter-output>
          </reporter-output>
        </test-method> <!-- openApp -->
        <test-method status="PASS" signature="tc2_DeleteEmployeeFromAdmin(java.util.HashMap)[pri:2, instance:com.orange.scripts.TS2_AdminTests@72b6cbcc]" name="tc2_DeleteEmployeeFromAdmin" duration-ms="7805" started-at="2022-06-29T17:50:21 IST" data-provider="getDeleteEmployeeFromAdmin" finished-at="2022-06-29T17:50:29 IST">
          <params>
            <param index="0">
              <value>
                <![CDATA[{UserName=Bheemla3 Nayak, TestFlag=Yes}]]>
              </value>
            </param>
          </params>
          <reporter-output>
          </reporter-output>
        </test-method> <!-- tc2_DeleteEmployeeFromAdmin -->
      </class> <!-- com.orange.scripts.TS2_AdminTests -->
    </test> <!-- Test -->
  </suite> <!-- Suite -->
</testng-results>
